This is pdfTeX, Version 3.1415926-2.5-1.40.14 (TeX Live 2013/Debian) (format=pdflatex 2015.4.21)  3 MAY 2015 23:24
entering extended mode
 restricted \write18 enabled.
 %&-line parsing enabled.
**main
(./main.tex
LaTeX2e <2011/06/27>
Babel <3.9h> and hyphenation patterns for 78 languages loaded.
(/usr/share/texlive/texmf-dist/tex/latex/base/article.cls
Document Class: article 2007/10/19 v1.4h Standard LaTeX document class
(/usr/share/texlive/texmf-dist/tex/latex/base/size10.clo
File: size10.clo 2007/10/19 v1.4h Standard LaTeX file (size option)
)
\c@part=\count79
\c@section=\count80
\c@subsection=\count81
\c@subsubsection=\count82
\c@paragraph=\count83
\c@subparagraph=\count84
\c@figure=\count85
\c@table=\count86
\abovecaptionskip=\skip41
\belowcaptionskip=\skip42
\bibindent=\dimen102
)
(/usr/share/texlive/texmf-dist/tex/latex/geometry/geometry.sty
Package: geometry 2010/09/12 v5.6 Page Geometry

(/usr/share/texlive/texmf-dist/tex/latex/graphics/keyval.sty
Package: keyval 1999/03/16 v1.13 key=value parser (DPC)
\KV@toks@=\toks14
)
(/usr/share/texlive/texmf-dist/tex/generic/oberdiek/ifpdf.sty
Package: ifpdf 2011/01/30 v2.3 Provides the ifpdf switch (HO)
Package ifpdf Info: pdfTeX in PDF mode is detected.
)
(/usr/share/texlive/texmf-dist/tex/generic/oberdiek/ifvtex.sty
Package: ifvtex 2010/03/01 v1.5 Detect VTeX and its facilities (HO)
Package ifvtex Info: VTeX not detected.
)
(/usr/share/texlive/texmf-dist/tex/generic/ifxetex/ifxetex.sty
Package: ifxetex 2010/09/12 v0.6 Provides ifxetex conditional
)
\Gm@cnth=\count87
\Gm@cntv=\count88
\c@Gm@tempcnt=\count89
\Gm@bindingoffset=\dimen103
\Gm@wd@mp=\dimen104
\Gm@odd@mp=\dimen105
\Gm@even@mp=\dimen106
\Gm@layoutwidth=\dimen107
\Gm@layoutheight=\dimen108
\Gm@layouthoffset=\dimen109
\Gm@layoutvoffset=\dimen110
\Gm@dimlist=\toks15
)
(/usr/share/texlive/texmf-dist/tex/latex/comment/comment.sty
\CommentStream=\write3

Excluding comment 'comment')
(/usr/share/texlive/texmf-dist/tex/latex/graphics/graphicx.sty
Package: graphicx 1999/02/16 v1.0f Enhanced LaTeX Graphics (DPC,SPQR)

(/usr/share/texlive/texmf-dist/tex/latex/graphics/graphics.sty
Package: graphics 2009/02/05 v1.0o Standard LaTeX Graphics (DPC,SPQR)

(/usr/share/texlive/texmf-dist/tex/latex/graphics/trig.sty
Package: trig 1999/03/16 v1.09 sin cos tan (DPC)
)
(/usr/share/texlive/texmf-dist/tex/latex/latexconfig/graphics.cfg
File: graphics.cfg 2010/04/23 v1.9 graphics configuration of TeX Live
)
Package graphics Info: Driver file: pdftex.def on input line 91.

(/usr/share/texlive/texmf-dist/tex/latex/pdftex-def/pdftex.def
File: pdftex.def 2011/05/27 v0.06d Graphics/color for pdfTeX

(/usr/share/texlive/texmf-dist/tex/generic/oberdiek/infwarerr.sty
Package: infwarerr 2010/04/08 v1.3 Providing info/warning/error messages (HO)
)
(/usr/share/texlive/texmf-dist/tex/generic/oberdiek/ltxcmds.sty
Package: ltxcmds 2011/11/09 v1.22 LaTeX kernel commands for general use (HO)
)
\Gread@gobject=\count90
))
\Gin@req@height=\dimen111
\Gin@req@width=\dimen112
)
(/usr/share/texlive/texmf-dist/tex/latex/url/url.sty
\Urlmuskip=\muskip10
Package: url 2013/09/16  ver 3.4  Verb mode for urls, etc.
)
(/usr/share/texlive/texmf-dist/tex/latex/hyperref/hyperref.sty
Package: hyperref 2012/11/06 v6.83m Hypertext links for LaTeX

(/usr/share/texlive/texmf-dist/tex/generic/oberdiek/hobsub-hyperref.sty
Package: hobsub-hyperref 2012/05/28 v1.13 Bundle oberdiek, subset hyperref (HO)


(/usr/share/texlive/texmf-dist/tex/generic/oberdiek/hobsub-generic.sty
Package: hobsub-generic 2012/05/28 v1.13 Bundle oberdiek, subset generic (HO)
Package: hobsub 2012/05/28 v1.13 Construct package bundles (HO)
Package hobsub Info: Skipping package `infwarerr' (already loaded).
Package hobsub Info: Skipping package `ltxcmds' (already loaded).
Package: ifluatex 2010/03/01 v1.3 Provides the ifluatex switch (HO)
Package ifluatex Info: LuaTeX not detected.
Package hobsub Info: Skipping package `ifvtex' (already loaded).
Package: intcalc 2007/09/27 v1.1 Expandable calculations with integers (HO)
Package hobsub Info: Skipping package `ifpdf' (already loaded).
Package: etexcmds 2011/02/16 v1.5 Avoid name clashes with e-TeX commands (HO)
Package etexcmds Info: Could not find \expanded.
(etexcmds)             That can mean that you are not using pdfTeX 1.50 or
(etexcmds)             that some package has redefined \expanded.
(etexcmds)             In the latter case, load this package earlier.
Package: kvsetkeys 2012/04/25 v1.16 Key value parser (HO)
Package: kvdefinekeys 2011/04/07 v1.3 Define keys (HO)
Package: pdftexcmds 2011/11/29 v0.20 Utility functions of pdfTeX for LuaTeX (HO
)
Package pdftexcmds Info: LuaTeX not detected.
Package pdftexcmds Info: \pdf@primitive is available.
Package pdftexcmds Info: \pdf@ifprimitive is available.
Package pdftexcmds Info: \pdfdraftmode found.
Package: pdfescape 2011/11/25 v1.13 Implements pdfTeX's escape features (HO)
Package: bigintcalc 2012/04/08 v1.3 Expandable calculations on big integers (HO
)
Package: bitset 2011/01/30 v1.1 Handle bit-vector datatype (HO)
Package: uniquecounter 2011/01/30 v1.2 Provide unlimited unique counter (HO)
)
Package hobsub Info: Skipping package `hobsub' (already loaded).
Package: letltxmacro 2010/09/02 v1.4 Let assignment for LaTeX macros (HO)
Package: hopatch 2012/05/28 v1.2 Wrapper for package hooks (HO)
Package: xcolor-patch 2011/01/30 xcolor patch
Package: atveryend 2011/06/30 v1.8 Hooks at the very end of document (HO)
Package atveryend Info: \enddocument detected (standard20110627).
Package: atbegshi 2011/10/05 v1.16 At begin shipout hook (HO)
Package: refcount 2011/10/16 v3.4 Data extraction from label references (HO)
Package: hycolor 2011/01/30 v1.7 Color options for hyperref/bookmark (HO)
)
(/usr/share/texlive/texmf-dist/tex/latex/oberdiek/auxhook.sty
Package: auxhook 2011/03/04 v1.3 Hooks for auxiliary files (HO)
)
(/usr/share/texlive/texmf-dist/tex/latex/oberdiek/kvoptions.sty
Package: kvoptions 2011/06/30 v3.11 Key value format for package options (HO)
)
\@linkdim=\dimen113
\Hy@linkcounter=\count91
\Hy@pagecounter=\count92

(/usr/share/texlive/texmf-dist/tex/latex/hyperref/pd1enc.def
File: pd1enc.def 2012/11/06 v6.83m Hyperref: PDFDocEncoding definition (HO)
)
\Hy@SavedSpaceFactor=\count93

(/usr/share/texlive/texmf-dist/tex/latex/latexconfig/hyperref.cfg
File: hyperref.cfg 2002/06/06 v1.2 hyperref configuration of TeXLive
)
Package hyperref Info: Option `colorlinks' set `true' on input line 4319.
Package hyperref Info: Hyper figures OFF on input line 4443.
Package hyperref Info: Link nesting OFF on input line 4448.
Package hyperref Info: Hyper index ON on input line 4451.
Package hyperref Info: Plain pages OFF on input line 4458.
Package hyperref Info: Backreferencing OFF on input line 4463.
Package hyperref Info: Implicit mode ON; LaTeX internals redefined.
Package hyperref Info: Bookmarks ON on input line 4688.
\c@Hy@tempcnt=\count94
LaTeX Info: Redefining \url on input line 5041.
\XeTeXLinkMargin=\dimen114
\Fld@menulength=\count95
\Field@Width=\dimen115
\Fld@charsize=\dimen116
Package hyperref Info: Hyper figures OFF on input line 6295.
Package hyperref Info: Link nesting OFF on input line 6300.
Package hyperref Info: Hyper index ON on input line 6303.
Package hyperref Info: backreferencing OFF on input line 6310.
Package hyperref Info: Link coloring ON on input line 6313.
Package hyperref Info: Link coloring with OCG OFF on input line 6320.
Package hyperref Info: PDF/A mode OFF on input line 6325.
LaTeX Info: Redefining \ref on input line 6365.
LaTeX Info: Redefining \pageref on input line 6369.
\Hy@abspage=\count96
\c@Item=\count97
\c@Hfootnote=\count98
)

Package hyperref Message: Driver: hpdftex.

(/usr/share/texlive/texmf-dist/tex/latex/hyperref/hpdftex.def
File: hpdftex.def 2012/11/06 v6.83m Hyperref driver for pdfTeX
\Fld@listcount=\count99
\c@bookmark@seq@number=\count100

(/usr/share/texlive/texmf-dist/tex/latex/oberdiek/rerunfilecheck.sty
Package: rerunfilecheck 2011/04/15 v1.7 Rerun checks for auxiliary files (HO)
Package uniquecounter Info: New unique counter `rerunfilecheck' on input line 2
82.
)
\Hy@SectionHShift=\skip43
)
(/usr/share/texlive/texmf-dist/tex/latex/psnfss/times.sty
Package: times 2005/04/12 PSNFSS-v9.2a (SPQR) 
)
(/usr/share/texlive/texmf-dist/tex/latex/listings/listings.sty
\lst@mode=\count101
\lst@gtempboxa=\box26
\lst@token=\toks16
\lst@length=\count102
\lst@currlwidth=\dimen117
\lst@column=\count103
\lst@pos=\count104
\lst@lostspace=\dimen118
\lst@width=\dimen119
\lst@newlines=\count105
\lst@lineno=\count106
\lst@maxwidth=\dimen120

(/usr/share/texlive/texmf-dist/tex/latex/listings/lstmisc.sty
File: lstmisc.sty 2013/08/26 1.5b (Carsten Heinz)
\c@lstnumber=\count107
\lst@skipnumbers=\count108
\lst@framebox=\box27
)
(/usr/share/texlive/texmf-dist/tex/latex/listings/listings.cfg
File: listings.cfg 2013/08/26 1.5b listings configuration
))
Package: listings 2013/08/26 1.5b (Carsten Heinz)

(/usr/share/texlive/texmf-dist/tex/latex/amsmath/amsmath.sty
Package: amsmath 2013/01/14 v2.14 AMS math features
\@mathmargin=\skip44

For additional information on amsmath, use the `?' option.
(/usr/share/texlive/texmf-dist/tex/latex/amsmath/amstext.sty
Package: amstext 2000/06/29 v2.01

(/usr/share/texlive/texmf-dist/tex/latex/amsmath/amsgen.sty
File: amsgen.sty 1999/11/30 v2.0
\@emptytoks=\toks17
\ex@=\dimen121
))
(/usr/share/texlive/texmf-dist/tex/latex/amsmath/amsbsy.sty
Package: amsbsy 1999/11/29 v1.2d
\pmbraise@=\dimen122
)
(/usr/share/texlive/texmf-dist/tex/latex/amsmath/amsopn.sty
Package: amsopn 1999/12/14 v2.01 operator names
)
\inf@bad=\count109
LaTeX Info: Redefining \frac on input line 210.
\uproot@=\count110
\leftroot@=\count111
LaTeX Info: Redefining \overline on input line 306.
\classnum@=\count112
\DOTSCASE@=\count113
LaTeX Info: Redefining \ldots on input line 378.
LaTeX Info: Redefining \dots on input line 381.
LaTeX Info: Redefining \cdots on input line 466.
\Mathstrutbox@=\box28
\strutbox@=\box29
\big@size=\dimen123
LaTeX Font Info:    Redeclaring font encoding OML on input line 566.
LaTeX Font Info:    Redeclaring font encoding OMS on input line 567.
\macc@depth=\count114
\c@MaxMatrixCols=\count115
\dotsspace@=\muskip11
\c@parentequation=\count116
\dspbrk@lvl=\count117
\tag@help=\toks18
\row@=\count118
\column@=\count119
\maxfields@=\count120
\andhelp@=\toks19
\eqnshift@=\dimen124
\alignsep@=\dimen125
\tagshift@=\dimen126
\tagwidth@=\dimen127
\totwidth@=\dimen128
\lineht@=\dimen129
\@envbody=\toks20
\multlinegap=\skip45
\multlinetaggap=\skip46
\mathdisplay@stack=\toks21
LaTeX Info: Redefining \[ on input line 2665.
LaTeX Info: Redefining \] on input line 2666.
)
(/usr/share/texlive/texmf-dist/tex/latex/amsfonts/amssymb.sty
Package: amssymb 2013/01/14 v3.01 AMS font symbols

(/usr/share/texlive/texmf-dist/tex/latex/amsfonts/amsfonts.sty
Package: amsfonts 2013/01/14 v3.01 Basic AMSFonts support
\symAMSa=\mathgroup4
\symAMSb=\mathgroup5
LaTeX Font Info:    Overwriting math alphabet `\mathfrak' in version `bold'
(Font)                  U/euf/m/n --> U/euf/b/n on input line 106.
)) (./main.aux)
\openout1 = `main.aux'.

LaTeX Font Info:    Checking defaults for OML/cmm/m/it on input line 33.
LaTeX Font Info:    ... okay on input line 33.
LaTeX Font Info:    Checking defaults for T1/cmr/m/n on input line 33.
LaTeX Font Info:    ... okay on input line 33.
LaTeX Font Info:    Checking defaults for OT1/cmr/m/n on input line 33.
LaTeX Font Info:    ... okay on input line 33.
LaTeX Font Info:    Checking defaults for OMS/cmsy/m/n on input line 33.
LaTeX Font Info:    ... okay on input line 33.
LaTeX Font Info:    Checking defaults for OMX/cmex/m/n on input line 33.
LaTeX Font Info:    ... okay on input line 33.
LaTeX Font Info:    Checking defaults for U/cmr/m/n on input line 33.
LaTeX Font Info:    ... okay on input line 33.
LaTeX Font Info:    Checking defaults for PD1/pdf/m/n on input line 33.
LaTeX Font Info:    ... okay on input line 33.
LaTeX Font Info:    Try loading font information for OT1+ptm on input line 33.

(/usr/share/texlive/texmf-dist/tex/latex/psnfss/ot1ptm.fd
File: ot1ptm.fd 2001/06/04 font definitions for OT1/ptm.
)
*geometry* detected driver: pdftex
*geometry* verbose mode - [ preamble ] result:
* driver: pdftex
* paper: <default>
* layout: <same size as paper>
* layoutoffset:(h,v)=(0.0pt,0.0pt)
* modes: 
* h-part:(L,W,R)=(72.26999pt, 469.75502pt, 72.26999pt)
* v-part:(T,H,B)=(72.26999pt, 650.43001pt, 72.26999pt)
* \paperwidth=614.295pt
* \paperheight=794.96999pt
* \textwidth=469.75502pt
* \textheight=650.43001pt
* \oddsidemargin=0.0pt
* \evensidemargin=0.0pt
* \topmargin=-37.0pt
* \headheight=12.0pt
* \headsep=25.0pt
* \topskip=10.0pt
* \footskip=30.0pt
* \marginparwidth=4.0pt
* \marginparsep=10.0pt
* \columnsep=10.0pt
* \skip\footins=9.0pt plus 4.0pt minus 2.0pt
* \hoffset=0.0pt
* \voffset=0.0pt
* \mag=1000
* \@twocolumntrue
* \@twosidefalse
* \@mparswitchfalse
* \@reversemarginfalse
* (1in=72.27pt=25.4mm, 1cm=28.453pt)

(/usr/share/texlive/texmf-dist/tex/context/base/supp-pdf.mkii
[Loading MPS to PDF converter (version 2006.09.02).]
\scratchcounter=\count121
\scratchdimen=\dimen130
\scratchbox=\box30
\nofMPsegments=\count122
\nofMParguments=\count123
\everyMPshowfont=\toks22
\MPscratchCnt=\count124
\MPscratchDim=\dimen131
\MPnumerator=\count125
\makeMPintoPDFobject=\count126
\everyMPtoPDFconversion=\toks23
) (/usr/share/texlive/texmf-dist/tex/latex/oberdiek/epstopdf-base.sty
Package: epstopdf-base 2010/02/09 v2.5 Base part for package epstopdf

(/usr/share/texlive/texmf-dist/tex/latex/oberdiek/grfext.sty
Package: grfext 2010/08/19 v1.1 Manage graphics extensions (HO)
)
Package grfext Info: Graphics extension search list:
(grfext)             [.png,.pdf,.jpg,.mps,.jpeg,.jbig2,.jb2,.PNG,.PDF,.JPG,.JPE
G,.JBIG2,.JB2,.eps]
(grfext)             \AppendGraphicsExtensions on input line 452.

(/usr/share/texlive/texmf-dist/tex/latex/latexconfig/epstopdf-sys.cfg
File: epstopdf-sys.cfg 2010/07/13 v1.3 Configuration of (r)epstopdf for TeX Liv
e
))
\AtBeginShipoutBox=\box31

(/usr/share/texlive/texmf-dist/tex/latex/graphics/color.sty
Package: color 2005/11/14 v1.0j Standard LaTeX Color (DPC)

(/usr/share/texlive/texmf-dist/tex/latex/latexconfig/color.cfg
File: color.cfg 2007/01/18 v1.5 color configuration of teTeX/TeXLive
)
Package color Info: Driver file: pdftex.def on input line 130.
)
Package hyperref Info: Link coloring ON on input line 33.

(/usr/share/texlive/texmf-dist/tex/latex/hyperref/nameref.sty
Package: nameref 2012/10/27 v2.43 Cross-referencing by name of section

(/usr/share/texlive/texmf-dist/tex/generic/oberdiek/gettitlestring.sty
Package: gettitlestring 2010/12/03 v1.4 Cleanup title references (HO)
)
\c@section@level=\count127
)
LaTeX Info: Redefining \ref on input line 33.
LaTeX Info: Redefining \pageref on input line 33.
LaTeX Info: Redefining \nameref on input line 33.

(./main.out) (./main.out)
\@outlinefile=\write4
\openout4 = `main.out'.

\c@lstlisting=\count128
LaTeX Font Info:    Try loading font information for U+msa on input line 36.

(/usr/share/texlive/texmf-dist/tex/latex/amsfonts/umsa.fd
File: umsa.fd 2013/01/14 v3.01 AMS symbols A
)
LaTeX Font Info:    Try loading font information for U+msb on input line 36.

(/usr/share/texlive/texmf-dist/tex/latex/amsfonts/umsb.fd
File: umsb.fd 2013/01/14 v3.01 AMS symbols B
)
LaTeX Font Info:    Try loading font information for OT1+pcr on input line 36.

(/usr/share/texlive/texmf-dist/tex/latex/psnfss/ot1pcr.fd
File: ot1pcr.fd 2001/06/04 font definitions for OT1/pcr.
) (./abstract.tex
LaTeX Font Info:    Font shape `OT1/ptm/bx/n' in size <14.4> not available
(Font)              Font shape `OT1/ptm/b/n' tried instead on input line 1.

Underfull \hbox (badness 1092) in paragraph at lines 8--9
\OT1/ptm/m/n/10 Hadoop is a widely used com-put-ing frame-work and
 []

) (./intro.tex [1{/var/lib/texmf/fonts/map/pdftex/updmap/pdftex.map}


]
Underfull \hbox (badness 2221) in paragraph at lines 14--16
\OT1/ptm/m/n/10 Hadoop's se-cure mode in-com-pat-i-bil-ity with Docker.
 []

LaTeX Font Info:    Try loading font information for OMS+ptm on input line 17.
(/usr/share/texlive/texmf-dist/tex/latex/psnfss/omsptm.fd
File: omsptm.fd 
)
LaTeX Font Info:    Font shape `OMS/ptm/m/n' in size <10> not available
(Font)              Font shape `OMS/cmsy/m/n' tried instead on input line 17.
) (./overview.tex
Package epstopdf Info: Source file: <figs/HadoopOverview.eps>
(epstopdf)                    date: 2015-05-01 13:35:04
(epstopdf)                    size: 2228614 bytes
(epstopdf)             Output file: <figs/HadoopOverview-eps-converted-to.pdf>
(epstopdf)                    date: 2015-05-01 13:35:04
(epstopdf)                    size: 31083 bytes
(epstopdf)             Command: <repstopdf --outfile=figs/HadoopOverview-eps-co
nverted-to.pdf figs/HadoopOverview.eps>
(epstopdf)             \includegraphics on input line 10.
Package epstopdf Info: Output file is already uptodate.

<figs/HadoopOverview-eps-converted-to.pdf, id=106, 693.59125pt x 419.5675pt>
File: figs/HadoopOverview-eps-converted-to.pdf Graphic file (type pdf)

<use figs/HadoopOverview-eps-converted-to.pdf>
Package pdftex.def Info: figs/HadoopOverview-eps-converted-to.pdf used on input
 line 10.
(pdftex.def)             Requested size: 216.81pt x 131.15292pt.
LaTeX Font Info:    Font shape `OT1/ptm/bx/n' in size <12> not available
(Font)              Font shape `OT1/ptm/b/n' tried instead on input line 15.
Package epstopdf Info: Source file: <figs/yarn.eps>
(epstopdf)                    date: 2015-05-01 13:35:04
(epstopdf)                    size: 2035676 bytes
(epstopdf)             Output file: <figs/yarn-eps-converted-to.pdf>
(epstopdf)                    date: 2015-05-01 13:35:04
(epstopdf)                    size: 29264 bytes
(epstopdf)             Command: <repstopdf --outfile=figs/yarn-eps-converted-to
.pdf figs/yarn.eps>
(epstopdf)             \includegraphics on input line 29.
Package epstopdf Info: Output file is already uptodate.

<figs/yarn-eps-converted-to.pdf, id=109, 652.4375pt x 533.995pt>
File: figs/yarn-eps-converted-to.pdf Graphic file (type pdf)

<use figs/yarn-eps-converted-to.pdf>
Package pdftex.def Info: figs/yarn-eps-converted-to.pdf used on input line 29.
(pdftex.def)             Requested size: 216.81pt x 177.44925pt.
Missing character: There is no ‚ in font ptmr7t!
Missing character: There is no Ä in font ptmr7t!
Missing character: There is no ô in font ptmr7t!
Missing character: There is no ‚ in font ptmr7t!
Missing character: There is no Ä in font ptmr7t!
Missing character: There is no ô in font ptmr7t!
 [2 <./figs/HadoopOverview-eps-converted-to.pdf>]
Package epstopdf Info: Source file: <figs/docker.eps>
(epstopdf)                    date: 2015-05-01 13:35:04
(epstopdf)                    size: 554980 bytes
(epstopdf)             Output file: <figs/docker-eps-converted-to.pdf>
(epstopdf)                    date: 2015-05-01 13:35:04
(epstopdf)                    size: 25471 bytes
(epstopdf)             Command: <repstopdf --outfile=figs/docker-eps-converted-
to.pdf figs/docker.eps>
(epstopdf)             \includegraphics on input line 42.
Package epstopdf Info: Output file is already uptodate.
 <figs/docker-eps-converted-to.pdf, id=131, 426.59375pt x 453.695pt>
File: figs/docker-eps-converted-to.pdf Graphic file (type pdf)

<use figs/docker-eps-converted-to.pdf>
Package pdftex.def Info: figs/docker-eps-converted-to.pdf used on input line 42
.
(pdftex.def)             Requested size: 144.54pt x 153.72119pt.

Underfull \vbox (badness 1824) has occurred while \output is active []

 [3 <./figs/yarn-eps-converted-to.pdf> <./figs/docker-eps-converted-to.pdf>]
Underfull \hbox (badness 1072) in paragraph at lines 53--54
[]\OT1/ptm/m/n/10 Docker has re-cently been of-fi-cially in-te-grated into
 []

) (./sec.tex
Package epstopdf Info: Source file: <figs/security_hadoop.eps>
(epstopdf)                    date: 2015-05-01 13:35:04
(epstopdf)                    size: 2502051 bytes
(epstopdf)             Output file: <figs/security_hadoop-eps-converted-to.pdf>

(epstopdf)                    date: 2015-05-01 13:35:04
(epstopdf)                    size: 31649 bytes
(epstopdf)             Command: <repstopdf --outfile=figs/security_hadoop-eps-c
onverted-to.pdf figs/security_hadoop.eps>
(epstopdf)             \includegraphics on input line 15.
Package epstopdf Info: Output file is already uptodate.

<figs/security_hadoop-eps-converted-to.pdf, id=165, 706.64pt x 534.99875pt>
File: figs/security_hadoop-eps-converted-to.pdf Graphic file (type pdf)

<use figs/security_hadoop-eps-converted-to.pdf>
Package pdftex.def Info: figs/security_hadoop-eps-converted-to.pdf used on inpu
t line 15.
(pdftex.def)             Requested size: 216.81pt x 164.1499pt.
 [4 <./figs/security_hadoop-eps-converted-to.pdf>]
Missing character: There is no ‚ in font ptmr7t!
Missing character: There is no Ä in font ptmr7t!
Missing character: There is no ô in font ptmr7t!
Missing character: There is no ‚ in font ptmr7t!
Missing character: There is no Ä in font ptmr7t!
Missing character: There is no ô in font ptmr7t!

Underfull \hbox (badness 2662) in paragraph at lines 25--26
[]\OT1/ptm/m/n/10 Hadoop clients use Re-mote Pro-ce-dure Call(RPC)
 []

) (./eval.tex
Overfull \hbox (8.53038pt too wide) in paragraph at lines 10--29
[][]
 []

Package epstopdf Info: Source file: <figs/code.eps>
(epstopdf)                    date: 2015-05-01 13:35:04
(epstopdf)                    size: 1488202 bytes
(epstopdf)             Output file: <figs/code-eps-converted-to.pdf>
(epstopdf)                    date: 2015-05-01 13:35:04
(epstopdf)                    size: 34604 bytes
(epstopdf)             Command: <repstopdf --outfile=figs/code-eps-converted-to
.pdf figs/code.eps>
(epstopdf)             \includegraphics on input line 33.
Package epstopdf Info: Output file is already uptodate.
<figs/code-eps-converted-to.pdf, id=187, 534.99875pt x 222.8325pt>
File: figs/code-eps-converted-to.pdf Graphic file (type pdf)

<use figs/code-eps-converted-to.pdf>
Package pdftex.def Info: figs/code-eps-converted-to.pdf used on input line 33.
(pdftex.def)             Requested size: 238.49121pt x 99.33525pt.

Overfull \hbox (8.61371pt too wide) in paragraph at lines 33--34
 [][] 
 []


Underfull \hbox (badness 1838) in paragraph at lines 34--34
[]\OT1/ptm/m/n/10 Figure 5: []Docker con-tainer con-fig-u-ra-tions in yarn-
 []


LaTeX Warning: `h' float specifier changed to `ht'.

Package epstopdf Info: Source file: <figs/command.eps>
(epstopdf)                    date: 2015-05-01 13:35:04
(epstopdf)                    size: 471301 bytes
(epstopdf)             Output file: <figs/command-eps-converted-to.pdf>
(epstopdf)                    date: 2015-05-01 13:35:04
(epstopdf)                    size: 30543 bytes
(epstopdf)             Command: <repstopdf --outfile=figs/command-eps-converted
-to.pdf figs/command.eps>
(epstopdf)             \includegraphics on input line 39.
Package epstopdf Info: Output file is already uptodate.
<figs/command-eps-converted-to.pdf, id=188, 680.5425pt x 193.72375pt>
File: figs/command-eps-converted-to.pdf Graphic file (type pdf)

<use figs/command-eps-converted-to.pdf>
Package pdftex.def Info: figs/command-eps-converted-to.pdf used on input line 3
9.
(pdftex.def)             Requested size: 231.26378pt x 65.82973pt.

Overfull \hbox (1.38628pt too wide) in paragraph at lines 39--40
 [][] 
 []


LaTeX Warning: `h' float specifier changed to `ht'.


Underfull \hbox (badness 1275) in paragraph at lines 43--44
\OT1/ptm/m/n/10 The ex-per-i-ment plat-form is shown in the ta-ble [][]4.1[][].

 []


Underfull \vbox (badness 3271) has occurred while \output is active []


Underfull \hbox (badness 1360) in paragraph at lines 46--47
[]\OT1/ptm/m/n/10 Install Docker and down-load Docker im-age for
 []

Missing character: There is no ‚ in font ptmr7t!
Missing character: There is no Ä in font ptmr7t!
Missing character: There is no ù in font ptmr7t!

Underfull \hbox (badness 3271) in paragraph at lines 48--49
\OT1/ptm/m/n/10 ``sudo chmod u+s /us-r/bin/-docker in or-der for
 []

Missing character: There is no ‚ in font ptmr7t!
Missing character: There is no Ä in font ptmr7t!
Missing character: There is no ù in font ptmr7t!
Missing character: There is no ‚ in font ptmr7t!
Missing character: There is no Ä in font ptmr7t!
Missing character: There is no ù in font ptmr7t!
Missing character: There is no ‚ in font ptmr7t!
Missing character: There is no Ä in font ptmr7t!
Missing character: There is no ù in font ptmr7t!
Missing character: There is no ‚ in font ptmr7t!
Missing character: There is no Ä in font ptmr7t!
Missing character: There is no ù in font ptmr7t!
[5 <./figs/code-eps-converted-to.pdf>]
<figs/attack.png, id=208, 1927.2pt x 1084.05pt>
File: figs/attack.png Graphic file (type png)
 <use figs/attack.png>
Package pdftex.def Info: figs/attack.png used on input line 58.
(pdftex.def)             Requested size: 231.26378pt x 130.08038pt.

Overfull \hbox (1.38628pt too wide) in paragraph at lines 58--59
 [][] 
 []

Missing character: There is no ‚ in font ptmr7t!
Missing character: There is no Ä in font ptmr7t!
Missing character: There is no ù in font ptmr7t!
) (./design.tex [6 <./figs/command-eps-converted-to.pdf> <./figs/attack.png>])
(./relwork.tex
LaTeX Font Info:    Font shape `OT1/ptm/bx/n' in size <10> not available
(Font)              Font shape `OT1/ptm/b/n' tried instead on input line 7.

Underfull \hbox (badness 4229) in paragraph at lines 9--10
[]\OT1/ptm/m/n/10 Hatman [[]] is the first full-scale, data-centric,
 []

Missing character: There is no Ô in font ptmr7t!
Missing character: There is no Ω in font ptmr7t!
Missing character: There is no û in font ptmr7t!
) (./conc.tex [7]
Underfull \hbox (badness 1874) in paragraph at lines 12--13
\OT1/ptm/m/n/10 Hadoop uses the Docker con-tainer through the
 []

) (./main.bbl
Underfull \hbox (badness 3118) in paragraph at lines 4--6
[]\OT1/ptm/m/n/10 Apache oozie work-flow sched-uler for hadoop.
 []


Underfull \hbox (badness 10000) in paragraph at lines 8--10
[]\OT1/ptm/m/n/10 Aws|amazon elas-tic mapre-duce(emr)|hadoop
 []


Underfull \hbox (badness 10000) in paragraph at lines 16--19
[]\OT1/ptm/m/n/10 Docker con-tainer ex-ecu-tor.  [][]$\OT1/pcr/m/n/10 http :
 []


Underfull \hbox (badness 10000) in paragraph at lines 16--19
\OT1/pcr/m/n/10 / / hadoop . apache . org / docs / r2 . 6 .
 []


Underfull \hbox (badness 10000) in paragraph at lines 16--19
\OT1/pcr/m/n/10 0 / hadoop-[]yarn / hadoop-[]yarn-[]site /
 []


Underfull \hbox (badness 5726) in paragraph at lines 21--23
[]\OT1/ptm/m/n/10 Docker drops lxc as de-fault ex-e-cu-tion en-vi-
 []


Underfull \hbox (badness 1888) in paragraph at lines 21--23
\OT1/ptm/m/n/10 ron-ment.  [][]$\OT1/pcr/m/n/10 http : / / www . infoq . com / 
news /
 []


Underfull \hbox (badness 10000) in paragraph at lines 25--28
[][]$\OT1/pcr/m/n/10 https : / / docs . oracle . com / cd / E52668 _
 []


Underfull \hbox (badness 10000) in paragraph at lines 25--28
\OT1/pcr/m/n/10 01 / E54669 / html / section _ rdz _ hmw _ 2q .
 []


Underfull \hbox (badness 10000) in paragraph at lines 30--33
[]\OT1/ptm/m/n/10 Hadoop in se-cure mode.  [][]$\OT1/pcr/m/n/10 http : / /
 []


Underfull \hbox (badness 10000) in paragraph at lines 30--33
\OT1/pcr/m/n/10 hadoop . apache . org / docs / current /
 []


Underfull \hbox (badness 10000) in paragraph at lines 30--33
\OT1/pcr/m/n/10 hadoop-[]project-[]dist / hadoop-[]common /
 []


Underfull \hbox (badness 10000) in paragraph at lines 30--33
\OT1/pcr/m/n/10 SecureMode . html # Kerberos _
 []


Underfull \hbox (badness 10000) in paragraph at lines 30--33
\OT1/pcr/m/n/10 principals _ for _ Hadoop _ Daemons _
 []


Underfull \hbox (badness 3612) in paragraph at lines 35--38
[]\OT1/ptm/m/n/10 Hadoop-the power of the ele-phant.  [][]$\OT1/pcr/m/n/10 http
 :
 []


Underfull \hbox (badness 10000) in paragraph at lines 35--38
\OT1/pcr/m/n/10 / / www . ebaytechblog . com / 2010 / 10 / 29 /
 []


Underfull \hbox (badness 10000) in paragraph at lines 44--47
[]\OT1/ptm/m/n/10 Hdfs en-cryp-tion.  [][]$\OT1/pcr/m/n/10 http : / / blog .
 []


Underfull \hbox (badness 10000) in paragraph at lines 44--47
\OT1/pcr/m/n/10 cloudera . com / blog / 2014 / 06 /
 []


Overfull \hbox (18.28241pt too wide) in paragraph at lines 44--47
\OT1/pcr/m/n/10 projectrhino-[]goal-[]at-[]rest-[]encryption/$[][]\OT1/ptm/m/n/
10 . 
 []


Underfull \hbox (badness 10000) in paragraph at lines 53--56
\OT1/pcr/m/n/10 hortonworks . com / big-[]data-[]insights /
 []


Overfull \hbox (0.78241pt too wide) in paragraph at lines 53--56
\OT1/pcr/m/n/10 how-[]facebook-[]uses-[]hadoop-[]and-[]hive/$[][]\OT1/ptm/m/n/1
0 . 
 []


Underfull \hbox (badness 1354) in paragraph at lines 58--60
\OT1/ptm/m/n/10 data.  [][]$\OT1/pcr/m/n/10 http : / / www . wired . com / 2011
 / 10 /
 []


Underfull \hbox (badness 10000) in paragraph at lines 66--68
[]\OT1/ptm/m/n/10 Openvz-linux con-tain-ers wiki.  [][]$\OT1/pcr/m/n/10 https :

 []


Underfull \hbox (badness 6141) in paragraph at lines 74--76
[]\OT1/ptm/m/n/10 Principle of least priv-i-lege.  [][]$\OT1/pcr/m/n/10 http : 
/ / en .
 []


Underfull \hbox (badness 10000) in paragraph at lines 74--76
\OT1/pcr/m/n/10 wikipedia . org / wiki / Principle _ of _
 []


Underfull \hbox (badness 1067) in paragraph at lines 86--88
[]\OT1/ptm/m/n/10 Zookeeper - apache soft-ware foun-da-tion project
 []


Underfull \hbox (badness 1221) in paragraph at lines 86--88
\OT1/ptm/m/n/10 home page.  [][]$\OT1/pcr/m/n/10 http : / / zookeeper . apache 
.
 []


Underfull \hbox (badness 2005) in paragraph at lines 90--95
[]\OT1/ptm/m/n/10 C. Basescu, A. Carpen-Amarie, C. Leordeanu,
 []

[8]
Missing character: There is no ‚ in font ptmr7t!
Missing character: There is no Ä in font ptmr7t!
Missing character: There is no ô in font ptmr7t!

Underfull \hbox (badness 1436) in paragraph at lines 157--160
[]\OT1/ptm/m/n/10 O. OMa-l-ley.  In-te-grat-ing ker-beros into apache
 []

Missing character: There is no ‚ in font ptmr7t!
Missing character: There is no Ä in font ptmr7t!
Missing character: There is no ô in font ptmr7t!
[9])
Package atveryend Info: Empty hook `BeforeClearDocument' on input line 50.
 [10

]
Package atveryend Info: Empty hook `AfterLastShipout' on input line 50.
 (./main.aux)
Package atveryend Info: Executing hook `AtVeryEndDocument' on input line 50.
Package atveryend Info: Executing hook `AtEndAfterFileList' on input line 50.
Package rerunfilecheck Info: File `main.out' has not changed.
(rerunfilecheck)             Checksum: BF5067EF444F5C1F4A957A60CB014F00;824.
Package atveryend Info: Empty hook `AtVeryVeryEnd' on input line 50.
 ) 
Here is how much of TeX's memory you used:
 7963 strings out of 493304
 115588 string characters out of 6139871
 215251 words of memory out of 5000000
 11198 multiletter control sequences out of 15000+600000
 22838 words of font info for 59 fonts, out of 8000000 for 9000
 957 hyphenation exceptions out of 8191
 29i,9n,32p,1563b,427s stack positions out of 5000i,500n,10000p,200000b,80000s
{/usr/share/texlive/texmf-dist/fonts/enc/dvips/base/8r.enc}</usr/share/texliv
e/texmf-dist/fonts/type1/public/amsfonts/cm/cmsy10.pfb></usr/share/texlive/texm
f-dist/fonts/type1/urw/courier/ucrr8a.pfb></usr/share/texlive/texmf-dist/fonts/
type1/urw/times/utmb8a.pfb></usr/share/texlive/texmf-dist/fonts/type1/urw/times
/utmr8a.pfb></usr/share/texlive/texmf-dist/fonts/type1/urw/times/utmri8a.pfb>
Output written on main.pdf (10 pages, 1044241 bytes).
PDF statistics:
 391 PDF objects out of 1000 (max. 8388607)
 345 compressed objects within 4 object streams
 87 named destinations out of 1000 (max. 500000)
 148 words of extra memory for PDF output out of 10000 (max. 10000000)

